<?xml version="1.0" encoding="UTF-8"?>
<!-- Generated by org.testng.reporters.JUnitReportReporter -->
<testsuite hostname="REMIDW-TEOUQMID" failures="0" tests="2" name="testngdiscussion.AssertFalseMethod$AmazonTestCases" time="73.490" errors="0" timestamp="2023-04-20T17:19:27 IST" skipped="0">
  <testcase classname="testngdiscussion.AssertFalseMethod$AmazonTestCases" name="navToUrl" time="68.022"/>
  <system-out/>
  <testcase classname="testngdiscussion.AssertFalseMethod$AmazonTestCases" name="loginToApp" time="5.468"/>
  <system-out/>
</testsuite> <!-- testngdiscussion.AssertFalseMethod$AmazonTestCases -->
