<?xml version="1.0" encoding="UTF-8"?>
<!-- Generated by org.testng.reporters.JUnitReportReporter -->
<testsuite hostname="REMIDW-TEOUQMID" failures="0" tests="1" name="testngdiscussion.TestTagParallel2" time="110.624" errors="0" timestamp="2023-04-28T19:58:42 IST" skipped="0">
  <testcase classname="testngdiscussion.TestTagParallel2" name="testCase3" time="110.624"/>
  <system-out/>
</testsuite> <!-- testngdiscussion.TestTagParallel2 -->
