<?xml version="1.0" encoding="UTF-8"?>
<!-- Generated by org.testng.reporters.JUnitReportReporter -->
<testsuite hostname="REMIDW-TEOUQMID" failures="0" tests="3" name="testngdiscussion.ReporterClass" time="0.026" errors="0" timestamp="2023-04-18T15:37:47 IST" skipped="0">
  <testcase classname="testngdiscussion.ReporterClass" name="profile" time="0.018"/>
  <system-out>
    <![CDATA[profile test case for report]]>
  </system-out>
  <testcase classname="testngdiscussion.ReporterClass" name="login" time="0.003"/>
  <system-out>
    <![CDATA[Login test case for report]]>
  </system-out>
  <testcase classname="testngdiscussion.ReporterClass" name="home" time="0.005"/>
  <system-out>
    <![CDATA[home test case for report]]>
  </system-out>
</testsuite> <!-- testngdiscussion.ReporterClass -->
