<?xml version="1.0" encoding="UTF-8"?>
<!-- Generated by org.testng.reporters.JUnitReportReporter -->
<testsuite hostname="REMIDW-TEOUQMID" failures="0" tests="1" name="testngdiscussion.TestTagParallel" time="133.581" errors="0" timestamp="2023-04-28T19:58:42 IST" skipped="0">
  <testcase classname="testngdiscussion.TestTagParallel" name="testCase1" time="133.581"/>
  <system-out/>
</testsuite> <!-- testngdiscussion.TestTagParallel -->
