<?xml version="1.0" encoding="UTF-8"?>
<!-- Generated by org.testng.reporters.JUnitReportReporter -->
<testsuite hostname="REMIDW-TEOUQMID" failures="0" tests="3" name="testclasses.AddToCartTest" time="3.670" errors="0" timestamp="2023-05-09T00:19:50 IST" skipped="0">
  <testcase classname="testclasses.AddToCartTest" name="selectItem" time="0.696"/>
  <system-out/>
  <testcase classname="testclasses.AddToCartTest" name="verifyAddToCart" time="0.917"/>
  <system-out/>
  <testcase classname="testclasses.AddToCartTest" name="searchOnCartPage" time="2.057"/>
  <system-out/>
</testsuite> <!-- testclasses.AddToCartTest -->
