<?xml version="1.0" encoding="UTF-8"?>
<!-- Generated by org.testng.reporters.JUnitReportReporter -->
<testsuite hostname="REMIDW-TEOUQMID" failures="0" tests="3" name="testngdiscussion.ParallelTestCaseExecution" time="515.888" errors="0" timestamp="2023-04-27T22:14:07 IST" skipped="0">
  <testcase classname="testngdiscussion.ParallelTestCaseExecution" name="testCase1" time="197.330"/>
  <system-out/>
  <testcase classname="testngdiscussion.ParallelTestCaseExecution" name="testCase3" time="161.131"/>
  <system-out/>
  <testcase classname="testngdiscussion.ParallelTestCaseExecution" name="testCase2" time="157.427"/>
  <system-out/>
</testsuite> <!-- testngdiscussion.ParallelTestCaseExecution -->
