<?xml version="1.0" encoding="UTF-8"?>
<!-- Generated by org.testng.reporters.JUnitReportReporter -->
<testsuite hostname="REMIDW-TEOUQMID" failures="0" tests="2" name="testngdiscussion.ParallelClass1" time="211.251" errors="0" timestamp="2023-04-27T22:37:19 IST" skipped="0">
  <testcase classname="testngdiscussion.ParallelClass1" name="testCase1" time="127.742"/>
  <system-out/>
  <testcase classname="testngdiscussion.ParallelClass1" name="testCase2" time="83.509"/>
  <system-out/>
</testsuite> <!-- testngdiscussion.ParallelClass1 -->
