<?xml version="1.0" encoding="UTF-8"?>
<!-- Generated by org.testng.reporters.JUnitReportReporter -->
<testsuite hostname="REMIDW-TEOUQMID" failures="0" tests="7" name="testngdiscussion.InvocationCountKeyword" time="0.027" errors="0" timestamp="2023-04-17T21:18:46 IST" skipped="0">
  <testcase classname="testngdiscussion.InvocationCountKeyword" name="profile" time="0.016"/>
  <system-out/>
  <testcase classname="testngdiscussion.InvocationCountKeyword" name="login" time="0.003"/>
  <system-out/>
  <testcase classname="testngdiscussion.InvocationCountKeyword" name="home" time="0.001"/>
  <system-out/>
  <testcase classname="testngdiscussion.InvocationCountKeyword" name="home" time="0.003"/>
  <system-out/>
  <testcase classname="testngdiscussion.InvocationCountKeyword" name="home" time="0.002"/>
  <system-out/>
  <testcase classname="testngdiscussion.InvocationCountKeyword" name="home" time="0.001"/>
  <system-out/>
  <testcase classname="testngdiscussion.InvocationCountKeyword" name="home" time="0.001"/>
  <system-out/>
</testsuite> <!-- testngdiscussion.InvocationCountKeyword -->
