<?xml version="1.0" encoding="UTF-8"?>
<!-- Generated by org.testng.reporters.JUnitReportReporter -->
<testsuite hostname="REMIDW-TEOUQMID" failures="0" tests="1" name="cbtesting.Amazon" time="148.530" errors="0" timestamp="2023-07-02T13:32:18 IST" skipped="0">
  <testcase classname="cbtesting.Amazon" name="f" time="148.530"/>
  <system-out/>
</testsuite> <!-- cbtesting.Amazon -->
