<?xml version="1.0" encoding="UTF-8"?>
<!-- Generated by org.testng.reporters.JUnitReportReporter -->
<testsuite hostname="REMIDW-TEOUQMID" failures="0" tests="1" name="basic.ConditionBasedMethods" time="51.129" errors="0" timestamp="2023-05-03T12:00:12 IST" skipped="0">
  <testcase classname="basic.ConditionBasedMethods" name="isSelectedValidation" time="51.129"/>
  <system-out/>
</testsuite> <!-- basic.ConditionBasedMethods -->
