<?xml version="1.0" encoding="UTF-8"?>
<!-- Generated by org.testng.reporters.JUnitReportReporter -->
<testsuite hostname="REMIDW-TEOUQMID" failures="0" tests="2" name="practies.test" time="0.020" errors="0" timestamp="2023-04-17T14:47:40 IST" skipped="0">
  <testcase classname="practies.test" name="login" time="0.005"/>
  <system-out/>
  <testcase classname="practies.test" name="home" time="0.015"/>
  <system-out/>
</testsuite> <!-- practies.test -->
