<?xml version="1.0" encoding="UTF-8"?>
<!-- Generated by org.testng.reporters.JUnitReportReporter -->
<testsuite hostname="REMIDW-TEOUQMID" failures="0" tests="2" name="testngdiscussion.MethodKeyWord" time="0.017" errors="0" timestamp="2023-04-18T19:38:55 IST" skipped="0">
  <testcase classname="testngdiscussion.MethodKeyWord" name="loginToApp" time="0.014"/>
  <system-out/>
  <testcase classname="testngdiscussion.MethodKeyWord" name="homePage" time="0.003"/>
  <system-out/>
</testsuite> <!-- testngdiscussion.MethodKeyWord -->
