<?xml version="1.0" encoding="UTF-8"?>
<!-- Generated by org.testng.reporters.JUnitReportReporter -->
<testsuite hostname="REMIDW-TEOUQMID" failures="0" tests="2" name="testngdiscussion.Annotations" time="0.020" errors="0" timestamp="2023-04-24T21:01:34 IST" skipped="0">
  <testcase classname="testngdiscussion.Annotations" name="testCase2" time="0.006"/>
  <system-out/>
  <testcase classname="testngdiscussion.Annotations" name="testCase1" time="0.014"/>
  <system-out/>
</testsuite> <!-- testngdiscussion.Annotations -->
