<?xml version="1.0" encoding="UTF-8"?>
<!-- Generated by org.testng.reporters.JUnitReportReporter -->
<testsuite hostname="REMIDW-TEOUQMID" failures="0" tests="4" name="testngdiscussion.PriorityKeyword" time="0.037" errors="0" timestamp="2023-04-17T17:18:29 IST" skipped="0">
  <testcase classname="testngdiscussion.PriorityKeyword" name="profile" time="0.028"/>
  <system-out/>
  <testcase classname="testngdiscussion.PriorityKeyword" name="login" time="0.003"/>
  <system-out/>
  <testcase classname="testngdiscussion.PriorityKeyword" name="home" time="0.003"/>
  <system-out/>
  <testcase classname="testngdiscussion.PriorityKeyword" name="logout" time="0.003"/>
  <system-out/>
</testsuite> <!-- testngdiscussion.PriorityKeyword -->
