<?xml version="1.0" encoding="UTF-8"?>
<!-- Generated by org.testng.reporters.JUnitReportReporter -->
<testsuite hostname="REMIDW-TEOUQMID" failures="0" tests="1" name="testngdiscussion.TestClass1" time="41.912" errors="0" timestamp="2023-04-23T13:37:28 IST" skipped="0">
  <testcase classname="testngdiscussion.TestClass1" name="navToUrl" time="41.912"/>
  <system-out/>
</testsuite> <!-- testngdiscussion.TestClass1 -->
