<?xml version="1.0" encoding="UTF-8"?>
<!-- Generated by org.testng.reporters.JUnitReportReporter -->
<testsuite hostname="REMIDW-TEOUQMID" failures="0" tests="2" name="testngdiscussion.HomePage" time="0.005" errors="0" timestamp="2023-04-19T12:31:32 IST" skipped="0">
  <testcase classname="testngdiscussion.HomePage" name="addProfile" time="0.003"/>
  <system-out/>
  <testcase classname="testngdiscussion.HomePage" name="deleteProfile" time="0.002"/>
  <system-out/>
</testsuite> <!-- testngdiscussion.HomePage -->
