<?xml version="1.0" encoding="UTF-8"?>
<!-- Generated by org.testng.reporters.JUnitReportReporter -->
<testsuite hostname="REMIDW-TEOUQMID" failures="0" tests="2" name="testngdiscussion.InclusionAndExclusion" time="0.017" errors="0" timestamp="2023-04-26T12:26:43 IST" skipped="0">
  <testcase classname="testngdiscussion.InclusionAndExclusion" name="setDetails" time="0.015"/>
  <system-out/>
  <testcase classname="testngdiscussion.InclusionAndExclusion" name="login" time="0.002"/>
  <system-out/>
</testsuite> <!-- testngdiscussion.InclusionAndExclusion -->
