<?xml version="1.0" encoding="UTF-8"?>
<!-- Generated by org.testng.reporters.JUnitReportReporter -->
<testsuite hostname="REMIDW-TEOUQMID" failures="0" tests="1" name="cbtesting.Flipkart" time="44.868" errors="0" timestamp="2023-07-02T13:32:18 IST" skipped="0">
  <testcase classname="cbtesting.Flipkart" name="f" time="44.868"/>
  <system-out/>
</testsuite> <!-- cbtesting.Flipkart -->
