<?xml version="1.0" encoding="UTF-8"?>
<!-- Generated by org.testng.reporters.JUnitReportReporter -->
<testsuite hostname="REMIDW-TEOUQMID" failures="0" tests="2" name="testngdiscussion.ActualAnnotations" time="0.034" errors="0" timestamp="2023-04-24T12:59:15 IST" skipped="0">
  <testcase classname="testngdiscussion.ActualAnnotations" name="addToCart2" time="0.011"/>
  <system-out/>
  <testcase classname="testngdiscussion.ActualAnnotations" name="addToCart" time="0.023"/>
  <system-out/>
</testsuite> <!-- testngdiscussion.ActualAnnotations -->
