<?xml version="1.0" encoding="UTF-8"?>
<!-- Generated by org.testng.reporters.JUnitReportReporter -->
<testsuite hostname="REMIDW-TEOUQMID" failures="0" tests="2" name="testngdiscussion.BasicTest" time="0.022" errors="0" timestamp="2023-04-16T16:06:31 IST" skipped="0">
  <testcase classname="testngdiscussion.BasicTest" name="login" time="0.005"/>
  <system-out/>
  <testcase classname="testngdiscussion.BasicTest" name="home" time="0.017"/>
  <system-out/>
</testsuite> <!-- testngdiscussion.BasicTest -->
