<?xml version="1.0" encoding="UTF-8"?>
<!-- Generated by org.testng.reporters.JUnitReportReporter -->
<testsuite hostname="REMIDW-TEOUQMID" failures="0" tests="3" name="testngdiscussion.EnableKeyword" time="0.019" errors="0" timestamp="2023-04-18T16:20:25 IST" skipped="1">
  <testcase classname="testngdiscussion.EnableKeyword" name="login" time="0.017"/>
  <system-out/>
  <testcase classname="testngdiscussion.EnableKeyword" name="home" time="0.002"/>
  <system-out/>
  <testcase classname="testngdiscussion.EnableKeyword" name="profile">
    <skipped/>
  </testcase> <!-- profile -->
  <system-out/>
</testsuite> <!-- testngdiscussion.EnableKeyword -->
