<?xml version="1.0" encoding="UTF-8"?>
<!-- Generated by org.testng.reporters.JUnitReportReporter -->
<testsuite hostname="REMIDW-TEOUQMID" failures="0" tests="1" name="testngdiscussion.BrowserParameterization" time="121.848" errors="0" timestamp="2023-04-27T17:48:55 IST" skipped="0">
  <testcase classname="testngdiscussion.BrowserParameterization" name="launchBrowser" time="121.848"/>
  <system-out/>
</testsuite> <!-- testngdiscussion.BrowserParameterization -->
