<?xml version="1.0" encoding="UTF-8"?>
<!-- Generated by org.testng.reporters.JUnitReportReporter -->
<testsuite hostname="REMIDW-TEOUQMID" failures="0" tests="3" name="testclasses.SpiritsTest" time="9.579" errors="0" timestamp="2023-05-09T00:19:50 IST" skipped="0">
  <testcase classname="testclasses.SpiritsTest" name="selectProduct" time="1.850"/>
  <system-out/>
  <testcase classname="testclasses.SpiritsTest" name="sortByHighPrice" time="3.693"/>
  <system-out/>
  <testcase classname="testclasses.SpiritsTest" name="sortByAlphabet" time="4.036"/>
  <system-out/>
</testsuite> <!-- testclasses.SpiritsTest -->
