<?xml version="1.0" encoding="UTF-8"?>
<!-- Generated by org.testng.reporters.JUnitReportReporter -->
<testsuite hostname="REMIDW-TEOUQMID" failures="0" tests="1" name="Waits.ExplicitWait" time="86.248" errors="0" timestamp="2024-01-24T15:58:29 IST" skipped="0">
  <testcase classname="Waits.ExplicitWait" name="explicitTest" time="86.248"/>
  <system-out/>
</testsuite> <!-- Waits.ExplicitWait -->
