<?xml version="1.0" encoding="UTF-8"?>
<!-- Generated by org.testng.reporters.JUnitReportReporter -->
<testsuite hostname="REMIDW-TEOUQMID" failures="0" tests="2" name="testngdiscussion.GroupingOfTestCase" time="0.021" errors="0" timestamp="2023-04-24T13:26:24 IST" skipped="0">
  <testcase classname="testngdiscussion.GroupingOfTestCase" name="login" time="0.018"/>
  <system-out/>
  <testcase classname="testngdiscussion.GroupingOfTestCase" name="home" time="0.003"/>
  <system-out/>
</testsuite> <!-- testngdiscussion.GroupingOfTestCase -->
