<?xml version="1.0" encoding="UTF-8"?>
<!-- Generated by org.testng.reporters.JUnitReportReporter -->
<testsuite hostname="REMIDW-TEOUQMID" failures="0" tests="6" name="testngdiscussion.duplicatepriority" time="0.054" errors="0" timestamp="2023-04-17T17:36:52 IST" skipped="0">
  <testcase classname="testngdiscussion.duplicatepriority" name="profile" time="0.030"/>
  <system-out/>
  <testcase classname="testngdiscussion.duplicatepriority" name="login" time="0.004"/>
  <system-out/>
  <testcase classname="testngdiscussion.duplicatepriority" name="home" time="0.003"/>
  <system-out/>
  <testcase classname="testngdiscussion.duplicatepriority" name="logout" time="0.009"/>
  <system-out/>
  <testcase classname="testngdiscussion.duplicatepriority" name="getDetails" time="0.006"/>
  <system-out/>
  <testcase classname="testngdiscussion.duplicatepriority" name="setDetails" time="0.002"/>
  <system-out/>
</testsuite> <!-- testngdiscussion.duplicatepriority -->
