<?xml version="1.0" encoding="UTF-8"?>
<!-- Generated by org.testng.reporters.JUnitReportReporter -->
<testsuite hostname="REMIDW-TEOUQMID" failures="0" tests="2" name="testclasses.SearchTest" time="0.551" errors="0" timestamp="2023-05-09T00:19:50 IST" skipped="0">
  <testcase classname="testclasses.SearchTest" name="searchProduct" time="0.531"/>
  <system-out/>
  <testcase classname="testclasses.SearchTest" name="verifyTitle" time="0.020"/>
  <system-out/>
</testsuite> <!-- testclasses.SearchTest -->
