<?xml version="1.0" encoding="UTF-8"?>
<!-- Generated by org.testng.reporters.JUnitReportReporter -->
<testsuite hostname="REMIDW-TEOUQMID" failures="0" tests="2" name="testngdiscussion.LoginPage" time="0.016" errors="0" timestamp="2023-04-19T12:31:32 IST" skipped="0">
  <testcase classname="testngdiscussion.LoginPage" name="verifyTitle" time="0.003"/>
  <system-out/>
  <testcase classname="testngdiscussion.LoginPage" name="loginToApp" time="0.013"/>
  <system-out/>
</testsuite> <!-- testngdiscussion.LoginPage -->
