<?xml version="1.0" encoding="UTF-8"?>
<!-- Generated by org.testng.reporters.JUnitReportReporter -->
<testsuite hostname="REMIDW-TEOUQMID" failures="0" tests="1" name="testngdiscussion.ParallelClass2" time="85.618" errors="0" timestamp="2023-04-27T22:37:19 IST" skipped="0">
  <testcase classname="testngdiscussion.ParallelClass2" name="testCase3" time="85.618"/>
  <system-out/>
</testsuite> <!-- testngdiscussion.ParallelClass2 -->
