<?xml version="1.0" encoding="UTF-8"?>
<!-- Generated by org.testng.reporters.JUnitReportReporter -->
<testsuite hostname="REMIDW-TEOUQMID" failures="0" tests="1" name="testngdiscussion.DOMClass2" time="0.000" errors="0" timestamp="2023-04-19T12:29:21 IST" skipped="1">
  <testcase classname="testngdiscussion.DOMClass2" name="logout" time="0.000">
    <skipped/>
  </testcase> <!-- logout -->
  <system-out/>
</testsuite> <!-- testngdiscussion.DOMClass2 -->
