<?xml version="1.0" encoding="UTF-8"?>
<!-- Generated by org.testng.reporters.JUnitReportReporter -->
<testsuite hostname="REMIDW-TEOUQMID" failures="0" tests="1" name="webtable.WebTableHandling" time="47.267" errors="0" timestamp="2023-05-03T14:25:22 IST" skipped="0">
  <testcase classname="webtable.WebTableHandling" name="getAllValues" time="47.267"/>
  <system-out/>
</testsuite> <!-- webtable.WebTableHandling -->
