<?xml version="1.0" encoding="UTF-8"?>
<!-- Generated by org.testng.reporters.JUnitReportReporter -->
<testsuite hostname="REMIDW-TEOUQMID" failures="0" tests="2" name="testngdiscussion.MultipleAnnotationInsideSameClass" time="0.012" errors="0" timestamp="2023-04-25T22:27:56 IST" skipped="0">
  <testcase classname="testngdiscussion.MultipleAnnotationInsideSameClass" name="testCase2" time="0.003"/>
  <system-out/>
  <testcase classname="testngdiscussion.MultipleAnnotationInsideSameClass" name="testCase1" time="0.009"/>
  <system-out/>
</testsuite> <!-- testngdiscussion.MultipleAnnotationInsideSameClass -->
