<?xml version="1.0" encoding="UTF-8"?>
<!-- Generated by org.testng.reporters.JUnitReportReporter -->
<testsuite hostname="REMIDW-TEOUQMID" failures="0" tests="1" name="testngdiscussion.ValidateTextWrittenIntoField" time="116.398" errors="0" timestamp="2023-05-05T20:35:53 IST" skipped="0">
  <testcase classname="testngdiscussion.ValidateTextWrittenIntoField" name="getTextFromField" time="116.398"/>
  <system-out/>
</testsuite> <!-- testngdiscussion.ValidateTextWrittenIntoField -->
